2024-06-02 23:01:08,783 INFO o.s.b.StartupInfoLogger [main] Starting FBjv24001115Synergy7FirBinfudCh6Application using Java 21 with PID 24004 (C:\Users\Panji\Documents\Backend Java SYNRGY Academy\SYNRGY7_BEJ_FirmanPanjiUtama\F-BJV24001115-synergy7-fir-binfud-ch6\target\classes started by Panji in C:\Users\Panji\Documents\Backend Java SYNRGY Academy\SYNRGY7_BEJ_FirmanPanjiUtama\F-BJV24001115-synergy7-fir-binfud-ch6)
2024-06-02 23:01:08,787 INFO o.s.b.SpringApplication [main] No active profile set, falling back to 1 default profile: "default"
2024-06-02 23:01:09,783 INFO o.s.d.r.c.RepositoryConfigurationDelegate [main] Bootstrapping Spring Data JPA repositories in DEFAULT mode.
2024-06-02 23:01:09,859 INFO o.s.d.r.c.RepositoryConfigurationDelegate [main] Finished Spring Data repository scanning in 63 ms. Found 6 JPA repository interfaces.
2024-06-02 23:01:10,571 INFO o.s.b.w.e.t.TomcatWebServer [main] Tomcat initialized with port 6060 (http)
2024-06-02 23:01:10,589 INFO o.a.j.l.DirectJDKLog [main] Initializing ProtocolHandler ["http-nio-6060"]
2024-06-02 23:01:10,596 INFO o.a.j.l.DirectJDKLog [main] Starting service [Tomcat]
2024-06-02 23:01:10,597 INFO o.a.j.l.DirectJDKLog [main] Starting Servlet engine: [Apache Tomcat/10.1.20]
2024-06-02 23:01:10,731 INFO o.a.j.l.DirectJDKLog [main] Initializing Spring embedded WebApplicationContext
2024-06-02 23:01:10,734 INFO o.s.b.w.s.c.ServletWebServerApplicationContext [main] Root WebApplicationContext: initialization completed in 1903 ms
2024-06-02 23:01:10,938 INFO c.z.h.HikariDataSource [main] HikariPool-1 - Starting...
2024-06-02 23:01:11,241 INFO c.z.h.p.HikariPool [main] HikariPool-1 - Added connection org.postgresql.jdbc.PgConnection@656842bc
2024-06-02 23:01:11,243 INFO c.z.h.HikariDataSource [main] HikariPool-1 - Start completed.
2024-06-02 23:01:11,295 INFO o.h.j.i.u.LogHelper [main] HHH000204: Processing PersistenceUnitInfo [name: default]
2024-06-02 23:01:11,354 INFO o.h.Version [main] HHH000412: Hibernate ORM core version 6.4.4.Final
2024-06-02 23:01:11,389 INFO o.h.c.i.RegionFactoryInitiator [main] HHH000026: Second-level cache disabled
2024-06-02 23:01:11,654 INFO o.s.o.j.p.SpringPersistenceUnitInfo [main] No LoadTimeWeaver setup: ignoring JPA class transformer
2024-06-02 23:01:11,729 WARN o.h.e.j.d.i.DialectFactoryImpl [main] HHH90000025: PostgreSQLDialect does not need to be specified explicitly using 'hibernate.dialect' (remove the property setting and it will be selected by default)
2024-06-02 23:01:12,840 INFO o.h.e.t.j.p.i.JtaPlatformInitiator [main] HHH000489: No JTA platform available (set 'hibernate.transaction.jta.platform' to enable JTA platform integration)
2024-06-02 23:01:12,948 INFO o.s.o.j.AbstractEntityManagerFactoryBean [main] Initialized JPA EntityManagerFactory for persistence unit 'default'
2024-06-02 23:01:13,427 INFO o.s.d.j.r.q.QueryEnhancerFactory [main] Hibernate is in classpath; If applicable, HQL parser will be used.
2024-06-02 23:01:13,623 WARN o.s.b.a.o.j.JpaBaseConfiguration$JpaWebConfiguration [main] spring.jpa.open-in-view is enabled by default. Therefore, database queries may be performed during view rendering. Explicitly configure spring.jpa.open-in-view to disable this warning
2024-06-02 23:01:13,970 INFO o.s.s.w.DefaultSecurityFilterChain [main] Will secure any request with [org.springframework.security.web.session.DisableEncodeUrlFilter@3ade99bb, org.springframework.security.web.context.request.async.WebAsyncManagerIntegrationFilter@193710c3, org.springframework.security.web.context.SecurityContextHolderFilter@529fda9f, org.springframework.security.web.header.HeaderWriterFilter@7104b117, org.springframework.web.filter.CorsFilter@eb23b9c, org.springframework.security.web.authentication.logout.LogoutFilter@2f53e07d, com.example.FBJV24001115synergy7firbinfudch6.security.JwtAuthTokenFilter@377cc0f8, org.springframework.security.web.savedrequest.RequestCacheAwareFilter@7d0e46dd, org.springframework.security.web.servletapi.SecurityContextHolderAwareRequestFilter@318353, org.springframework.security.web.authentication.AnonymousAuthenticationFilter@314407dd, org.springframework.security.web.session.SessionManagementFilter@70313b0b, org.springframework.security.web.access.ExceptionTranslationFilter@3dd8b40e, org.springframework.security.web.access.intercept.AuthorizationFilter@6ca9ec77]
2024-06-02 23:01:14,273 INFO o.a.j.l.DirectJDKLog [main] Starting ProtocolHandler ["http-nio-6060"]
2024-06-02 23:01:14,293 INFO o.s.b.w.e.t.TomcatWebServer [main] Tomcat started on port 6060 (http) with context path ''
2024-06-02 23:01:14,302 INFO o.s.b.StartupInfoLogger [main] Started FBjv24001115Synergy7FirBinfudCh6Application in 5.991 seconds (process running for 6.37)
2024-06-02 23:01:19,712 INFO o.a.j.l.DirectJDKLog [http-nio-6060-exec-1] Initializing Spring DispatcherServlet 'dispatcherServlet'
2024-06-02 23:01:19,712 INFO o.s.w.s.FrameworkServlet [http-nio-6060-exec-1] Initializing Servlet 'dispatcherServlet'
2024-06-02 23:01:19,713 INFO o.s.w.s.FrameworkServlet [http-nio-6060-exec-1] Completed initialization in 1 ms
2024-06-02 23:01:19,739 ERROR o.a.j.l.DirectJDKLog [http-nio-6060-exec-1] Servlet.service() for servlet [dispatcherServlet] in context with path [] threw exception [Request processing failed: java.lang.IllegalArgumentException: When allowCredentials is true, allowedOrigins cannot contain the special value "*" since that cannot be set on the "Access-Control-Allow-Origin" response header. To allow credentials to a set of origins, list them explicitly or consider using "allowedOriginPatterns" instead.] with root cause
java.lang.IllegalArgumentException: When allowCredentials is true, allowedOrigins cannot contain the special value "*" since that cannot be set on the "Access-Control-Allow-Origin" response header. To allow credentials to a set of origins, list them explicitly or consider using "allowedOriginPatterns" instead.
	at org.springframework.web.cors.CorsConfiguration.validateAllowCredentials(CorsConfiguration.java:572)
	at org.springframework.web.servlet.handler.AbstractHandlerMapping.getHandler(AbstractHandlerMapping.java:542)
	at org.springframework.web.servlet.DispatcherServlet.getHandler(DispatcherServlet.java:1283)
	at org.springframework.web.servlet.DispatcherServlet.doDispatch(DispatcherServlet.java:1065)
	at org.springframework.web.servlet.DispatcherServlet.doService(DispatcherServlet.java:979)
	at org.springframework.web.servlet.FrameworkServlet.processRequest(FrameworkServlet.java:1014)
	at org.springframework.web.servlet.FrameworkServlet.doGet(FrameworkServlet.java:903)
	at jakarta.servlet.http.HttpServlet.service(HttpServlet.java:564)
	at org.springframework.web.servlet.FrameworkServlet.service(FrameworkServlet.java:885)
	at jakarta.servlet.http.HttpServlet.service(HttpServlet.java:658)
	at org.apache.catalina.core.ApplicationFilterChain.internalDoFilter(ApplicationFilterChain.java:206)
	at org.apache.catalina.core.ApplicationFilterChain.doFilter(ApplicationFilterChain.java:150)
	at org.apache.tomcat.websocket.server.WsFilter.doFilter(WsFilter.java:51)
	at org.apache.catalina.core.ApplicationFilterChain.internalDoFilter(ApplicationFilterChain.java:175)
	at org.apache.catalina.core.ApplicationFilterChain.doFilter(ApplicationFilterChain.java:150)
	at org.springframework.web.filter.OncePerRequestFilter.doFilter(OncePerRequestFilter.java:110)
	at org.apache.catalina.core.ApplicationFilterChain.internalDoFilter(ApplicationFilterChain.java:175)
	at org.apache.catalina.core.ApplicationFilterChain.doFilter(ApplicationFilterChain.java:150)
	at org.springframework.web.filter.CompositeFilter$VirtualFilterChain.doFilter(CompositeFilter.java:108)
	at org.springframework.security.web.FilterChainProxy.lambda$doFilterInternal$3(FilterChainProxy.java:231)
	at org.springframework.security.web.FilterChainProxy$VirtualFilterChain.doFilter(FilterChainProxy.java:365)
	at org.springframework.security.web.access.intercept.AuthorizationFilter.doFilter(AuthorizationFilter.java:100)
	at org.springframework.security.web.FilterChainProxy$VirtualFilterChain.doFilter(FilterChainProxy.java:374)
	at org.springframework.security.web.access.ExceptionTranslationFilter.doFilter(ExceptionTranslationFilter.java:126)
	at org.springframework.security.web.access.ExceptionTranslationFilter.doFilter(ExceptionTranslationFilter.java:120)
	at org.springframework.security.web.FilterChainProxy$VirtualFilterChain.doFilter(FilterChainProxy.java:374)
	at org.springframework.security.web.session.SessionManagementFilter.doFilter(SessionManagementFilter.java:131)
	at org.springframework.security.web.session.SessionManagementFilter.doFilter(SessionManagementFilter.java:85)
	at org.springframework.security.web.FilterChainProxy$VirtualFilterChain.doFilter(FilterChainProxy.java:374)
	at org.springframework.security.web.authentication.AnonymousAuthenticationFilter.doFilter(AnonymousAuthenticationFilter.java:100)
	at org.springframework.security.web.FilterChainProxy$VirtualFilterChain.doFilter(FilterChainProxy.java:374)
	at org.springframework.security.web.servletapi.SecurityContextHolderAwareRequestFilter.doFilter(SecurityContextHolderAwareRequestFilter.java:179)
	at org.springframework.security.web.FilterChainProxy$VirtualFilterChain.doFilter(FilterChainProxy.java:374)
	at org.springframework.security.web.savedrequest.RequestCacheAwareFilter.doFilter(RequestCacheAwareFilter.java:63)
	at org.springframework.security.web.FilterChainProxy$VirtualFilterChain.doFilter(FilterChainProxy.java:374)
	at com.example.FBJV24001115synergy7firbinfudch6.security.JwtAuthTokenFilter.doFilterInternal(JwtAuthTokenFilter.java:38)
	at org.springframework.web.filter.OncePerRequestFilter.doFilter(OncePerRequestFilter.java:116)
	at org.springframework.security.web.FilterChainProxy$VirtualFilterChain.doFilter(FilterChainProxy.java:374)
	at org.springframework.security.web.authentication.logout.LogoutFilter.doFilter(LogoutFilter.java:107)
	at org.springframework.security.web.authentication.logout.LogoutFilter.doFilter(LogoutFilter.java:93)
	at org.springframework.security.web.FilterChainProxy$VirtualFilterChain.doFilter(FilterChainProxy.java:374)
	at org.springframework.web.filter.CorsFilter.doFilterInternal(CorsFilter.java:91)
	at org.springframework.web.filter.OncePerRequestFilter.doFilter(OncePerRequestFilter.java:116)
	at org.springframework.security.web.FilterChainProxy$VirtualFilterChain.doFilter(FilterChainProxy.java:374)
	at org.springframework.security.web.header.HeaderWriterFilter.doHeadersAfter(HeaderWriterFilter.java:90)
	at org.springframework.security.web.header.HeaderWriterFilter.doFilterInternal(HeaderWriterFilter.java:75)
	at org.springframework.web.filter.OncePerRequestFilter.doFilter(OncePerRequestFilter.java:116)
	at org.springframework.security.web.FilterChainProxy$VirtualFilterChain.doFilter(FilterChainProxy.java:374)
	at org.springframework.security.web.context.SecurityContextHolderFilter.doFilter(SecurityContextHolderFilter.java:82)
	at org.springframework.security.web.context.SecurityContextHolderFilter.doFilter(SecurityContextHolderFilter.java:69)
	at org.springframework.security.web.FilterChainProxy$VirtualFilterChain.doFilter(FilterChainProxy.java:374)
	at org.springframework.security.web.context.request.async.WebAsyncManagerIntegrationFilter.doFilterInternal(WebAsyncManagerIntegrationFilter.java:62)
	at org.springframework.web.filter.OncePerRequestFilter.doFilter(OncePerRequestFilter.java:116)
	at org.springframework.security.web.FilterChainProxy$VirtualFilterChain.doFilter(FilterChainProxy.java:374)
	at org.springframework.security.web.session.DisableEncodeUrlFilter.doFilterInternal(DisableEncodeUrlFilter.java:42)
	at org.springframework.web.filter.OncePerRequestFilter.doFilter(OncePerRequestFilter.java:116)
	at org.springframework.security.web.FilterChainProxy$VirtualFilterChain.doFilter(FilterChainProxy.java:374)
	at org.springframework.security.web.FilterChainProxy.doFilterInternal(FilterChainProxy.java:233)
	at org.springframework.security.web.FilterChainProxy.doFilter(FilterChainProxy.java:191)
	at org.springframework.web.filter.CompositeFilter$VirtualFilterChain.doFilter(CompositeFilter.java:113)
	at org.springframework.web.servlet.handler.HandlerMappingIntrospector.lambda$createCacheFilter$3(HandlerMappingIntrospector.java:195)
	at org.springframework.web.filter.CompositeFilter$VirtualFilterChain.doFilter(CompositeFilter.java:113)
	at org.springframework.web.filter.CompositeFilter.doFilter(CompositeFilter.java:74)
	at org.springframework.security.config.annotation.web.configuration.WebMvcSecurityConfiguration$CompositeFilterChainProxy.doFilter(WebMvcSecurityConfiguration.java:230)
	at org.springframework.web.filter.DelegatingFilterProxy.invokeDelegate(DelegatingFilterProxy.java:352)
	at org.springframework.web.filter.DelegatingFilterProxy.doFilter(DelegatingFilterProxy.java:268)
	at org.apache.catalina.core.ApplicationFilterChain.internalDoFilter(ApplicationFilterChain.java:175)
	at org.apache.catalina.core.ApplicationFilterChain.doFilter(ApplicationFilterChain.java:150)
	at org.springframework.web.filter.RequestContextFilter.doFilterInternal(RequestContextFilter.java:100)
	at org.springframework.web.filter.OncePerRequestFilter.doFilter(OncePerRequestFilter.java:116)
	at org.apache.catalina.core.ApplicationFilterChain.internalDoFilter(ApplicationFilterChain.java:175)
	at org.apache.catalina.core.ApplicationFilterChain.doFilter(ApplicationFilterChain.java:150)
	at org.springframework.web.filter.FormContentFilter.doFilterInternal(FormContentFilter.java:93)
	at org.springframework.web.filter.OncePerRequestFilter.doFilter(OncePerRequestFilter.java:116)
	at org.apache.catalina.core.ApplicationFilterChain.internalDoFilter(ApplicationFilterChain.java:175)
	at org.apache.catalina.core.ApplicationFilterChain.doFilter(ApplicationFilterChain.java:150)
	at org.springframework.web.filter.CharacterEncodingFilter.doFilterInternal(CharacterEncodingFilter.java:201)
	at org.springframework.web.filter.OncePerRequestFilter.doFilter(OncePerRequestFilter.java:116)
	at org.apache.catalina.core.ApplicationFilterChain.internalDoFilter(ApplicationFilterChain.java:175)
	at org.apache.catalina.core.ApplicationFilterChain.doFilter(ApplicationFilterChain.java:150)
	at org.apache.catalina.core.StandardWrapperValve.invoke(StandardWrapperValve.java:167)
	at org.apache.catalina.core.StandardContextValve.invoke(StandardContextValve.java:90)
	at org.apache.catalina.authenticator.AuthenticatorBase.invoke(AuthenticatorBase.java:482)
	at org.apache.catalina.core.StandardHostValve.invoke(StandardHostValve.java:115)
	at org.apache.catalina.valves.ErrorReportValve.invoke(ErrorReportValve.java:93)
	at org.apache.catalina.core.StandardEngineValve.invoke(StandardEngineValve.java:74)
	at org.apache.catalina.connector.CoyoteAdapter.service(CoyoteAdapter.java:344)
	at org.apache.coyote.http11.Http11Processor.service(Http11Processor.java:391)
	at org.apache.coyote.AbstractProcessorLight.process(AbstractProcessorLight.java:63)
	at org.apache.coyote.AbstractProtocol$ConnectionHandler.process(AbstractProtocol.java:896)
	at org.apache.tomcat.util.net.NioEndpoint$SocketProcessor.doRun(NioEndpoint.java:1736)
	at org.apache.tomcat.util.net.SocketProcessorBase.run(SocketProcessorBase.java:52)
	at org.apache.tomcat.util.threads.ThreadPoolExecutor.runWorker(ThreadPoolExecutor.java:1191)
	at org.apache.tomcat.util.threads.ThreadPoolExecutor$Worker.run(ThreadPoolExecutor.java:659)
	at org.apache.tomcat.util.threads.TaskThread$WrappingRunnable.run(TaskThread.java:63)
	at java.base/java.lang.Thread.run(Thread.java:1583)
2024-06-02 23:06:23,788 INFO o.s.o.j.AbstractEntityManagerFactoryBean [SpringApplicationShutdownHook] Closing JPA EntityManagerFactory for persistence unit 'default'
2024-06-02 23:06:23,789 INFO c.z.h.HikariDataSource [SpringApplicationShutdownHook] HikariPool-1 - Shutdown initiated...
2024-06-02 23:06:23,793 INFO c.z.h.HikariDataSource [SpringApplicationShutdownHook] HikariPool-1 - Shutdown completed.
2024-06-16 07:01:32,461 INFO o.s.b.StartupInfoLogger [main] Starting FBjv24001115Synergy7FirBinfudCh6Application using Java 17.0.9 with PID 28280 (C:\Users\Panji\Documents\Backend Java SYNRGY Academy\SYNRGY7_BEJ_FirmanPanjiUtama\F-BJV24001115-synergy7-fir-binfud-ch6\target\classes started by Panji in C:\Users\Panji\Documents\Backend Java SYNRGY Academy\SYNRGY7_BEJ_FirmanPanjiUtama\F-BJV24001115-synergy7-fir-binfud-ch6)
2024-06-16 07:01:32,465 INFO o.s.b.SpringApplication [main] No active profile set, falling back to 1 default profile: "default"
2024-06-16 07:01:33,940 INFO o.s.d.r.c.RepositoryConfigurationDelegate [main] Bootstrapping Spring Data JPA repositories in DEFAULT mode.
2024-06-16 07:01:34,046 INFO o.s.d.r.c.RepositoryConfigurationDelegate [main] Finished Spring Data repository scanning in 95 ms. Found 7 JPA repository interfaces.
2024-06-16 07:01:35,104 INFO o.s.b.w.e.t.TomcatWebServer [main] Tomcat initialized with port 6060 (http)
2024-06-16 07:01:35,118 INFO o.a.j.l.DirectJDKLog [main] Initializing ProtocolHandler ["http-nio-6060"]
2024-06-16 07:01:35,123 INFO o.a.j.l.DirectJDKLog [main] Starting service [Tomcat]
2024-06-16 07:01:35,123 INFO o.a.j.l.DirectJDKLog [main] Starting Servlet engine: [Apache Tomcat/10.1.20]
2024-06-16 07:01:35,254 INFO o.a.j.l.DirectJDKLog [main] Initializing Spring embedded WebApplicationContext
2024-06-16 07:01:35,255 INFO o.s.b.w.s.c.ServletWebServerApplicationContext [main] Root WebApplicationContext: initialization completed in 2709 ms
2024-06-16 07:01:35,447 INFO c.z.h.HikariDataSource [main] HikariPool-1 - Starting...
2024-06-16 07:01:36,184 INFO c.z.h.p.HikariPool [main] HikariPool-1 - Added connection org.postgresql.jdbc.PgConnection@12e007be
2024-06-16 07:01:36,186 INFO c.z.h.HikariDataSource [main] HikariPool-1 - Start completed.
2024-06-16 07:01:36,230 INFO o.h.j.i.u.LogHelper [main] HHH000204: Processing PersistenceUnitInfo [name: default]
2024-06-16 07:01:36,301 INFO o.h.Version [main] HHH000412: Hibernate ORM core version 6.4.4.Final
2024-06-16 07:01:36,339 INFO o.h.c.i.RegionFactoryInitiator [main] HHH000026: Second-level cache disabled
2024-06-16 07:01:36,653 INFO o.s.o.j.p.SpringPersistenceUnitInfo [main] No LoadTimeWeaver setup: ignoring JPA class transformer
2024-06-16 07:01:36,754 WARN o.h.e.j.d.i.DialectFactoryImpl [main] HHH90000025: PostgreSQLDialect does not need to be specified explicitly using 'hibernate.dialect' (remove the property setting and it will be selected by default)
2024-06-16 07:01:38,074 INFO o.h.e.t.j.p.i.JtaPlatformInitiator [main] HHH000489: No JTA platform available (set 'hibernate.transaction.jta.platform' to enable JTA platform integration)
2024-06-16 07:01:38,879 INFO o.s.o.j.AbstractEntityManagerFactoryBean [main] Initialized JPA EntityManagerFactory for persistence unit 'default'
2024-06-16 07:01:39,492 INFO o.s.d.j.r.q.QueryEnhancerFactory [main] Hibernate is in classpath; If applicable, HQL parser will be used.
2024-06-16 07:01:39,743 WARN o.s.b.a.o.j.JpaBaseConfiguration$JpaWebConfiguration [main] spring.jpa.open-in-view is enabled by default. Therefore, database queries may be performed during view rendering. Explicitly configure spring.jpa.open-in-view to disable this warning
2024-06-16 07:01:40,201 WARN o.s.c.s.AbstractApplicationContext [main] Exception encountered during context initialization - cancelling refresh attempt: org.springframework.beans.factory.BeanCreationException: Error creating bean with name 'filterChain' defined in class path resource [com/example/FBJV24001115synergy7firbinfudch6/security/WebSecurityConfig.class]: Failed to instantiate [org.springframework.security.web.SecurityFilterChain]: Factory method 'filterChain' threw exception with message: No qualifying bean of type 'org.springframework.security.oauth2.client.registration.ClientRegistrationRepository' available
2024-06-16 07:01:40,203 INFO o.s.o.j.AbstractEntityManagerFactoryBean [main] Closing JPA EntityManagerFactory for persistence unit 'default'
2024-06-16 07:01:40,206 INFO c.z.h.HikariDataSource [main] HikariPool-1 - Shutdown initiated...
2024-06-16 07:01:40,448 INFO c.z.h.HikariDataSource [main] HikariPool-1 - Shutdown completed.
2024-06-16 07:01:40,450 INFO o.a.j.l.DirectJDKLog [main] Stopping service [Tomcat]
2024-06-16 07:01:40,462 INFO o.s.b.a.l.ConditionEvaluationReportLogger [main] 

Error starting ApplicationContext. To display the condition evaluation report re-run your application with 'debug' enabled.
2024-06-16 07:01:40,482 ERROR o.s.b.d.LoggingFailureAnalysisReporter [main] 

***************************
APPLICATION FAILED TO START
***************************

Description:

Method filterChain in security.com.binarfud.FBJV24001115synergy7firbinfudch7.WebSecurityConfig required a bean of type 'org.springframework.security.oauth2.client.registration.ClientRegistrationRepository' that could not be found.


Action:

Consider defining a bean of type 'org.springframework.security.oauth2.client.registration.ClientRegistrationRepository' in your configuration.

2024-06-16 07:02:29,289 INFO o.s.b.StartupInfoLogger [main] Starting FBjv24001115Synergy7FirBinfudCh6Application using Java 17.0.9 with PID 1348 (C:\Users\Panji\Documents\Backend Java SYNRGY Academy\SYNRGY7_BEJ_FirmanPanjiUtama\F-BJV24001115-synergy7-fir-binfud-ch6\target\classes started by Panji in C:\Users\Panji\Documents\Backend Java SYNRGY Academy\SYNRGY7_BEJ_FirmanPanjiUtama\F-BJV24001115-synergy7-fir-binfud-ch6)
2024-06-16 07:02:29,291 INFO o.s.b.SpringApplication [main] No active profile set, falling back to 1 default profile: "default"
2024-06-16 07:02:30,347 INFO o.s.d.r.c.RepositoryConfigurationDelegate [main] Bootstrapping Spring Data JPA repositories in DEFAULT mode.
2024-06-16 07:02:30,445 INFO o.s.d.r.c.RepositoryConfigurationDelegate [main] Finished Spring Data repository scanning in 83 ms. Found 7 JPA repository interfaces.
2024-06-16 07:02:31,234 INFO o.s.b.w.e.t.TomcatWebServer [main] Tomcat initialized with port 6060 (http)
2024-06-16 07:02:31,248 INFO o.a.j.l.DirectJDKLog [main] Initializing ProtocolHandler ["http-nio-6060"]
2024-06-16 07:02:31,251 INFO o.a.j.l.DirectJDKLog [main] Starting service [Tomcat]
2024-06-16 07:02:31,252 INFO o.a.j.l.DirectJDKLog [main] Starting Servlet engine: [Apache Tomcat/10.1.20]
2024-06-16 07:02:31,407 INFO o.a.j.l.DirectJDKLog [main] Initializing Spring embedded WebApplicationContext
2024-06-16 07:02:31,408 INFO o.s.b.w.s.c.ServletWebServerApplicationContext [main] Root WebApplicationContext: initialization completed in 2067 ms
2024-06-16 07:02:31,591 INFO c.z.h.HikariDataSource [main] HikariPool-1 - Starting...
2024-06-16 07:02:32,099 INFO c.z.h.p.HikariPool [main] HikariPool-1 - Added connection org.postgresql.jdbc.PgConnection@994544
2024-06-16 07:02:32,101 INFO c.z.h.HikariDataSource [main] HikariPool-1 - Start completed.
2024-06-16 07:02:32,144 INFO o.h.j.i.u.LogHelper [main] HHH000204: Processing PersistenceUnitInfo [name: default]
2024-06-16 07:02:32,211 INFO o.h.Version [main] HHH000412: Hibernate ORM core version 6.4.4.Final
2024-06-16 07:02:32,263 INFO o.h.c.i.RegionFactoryInitiator [main] HHH000026: Second-level cache disabled
2024-06-16 07:02:32,634 INFO o.s.o.j.p.SpringPersistenceUnitInfo [main] No LoadTimeWeaver setup: ignoring JPA class transformer
2024-06-16 07:02:32,763 WARN o.h.e.j.d.i.DialectFactoryImpl [main] HHH90000025: PostgreSQLDialect does not need to be specified explicitly using 'hibernate.dialect' (remove the property setting and it will be selected by default)
2024-06-16 07:02:34,112 INFO o.h.e.t.j.p.i.JtaPlatformInitiator [main] HHH000489: No JTA platform available (set 'hibernate.transaction.jta.platform' to enable JTA platform integration)
2024-06-16 07:02:34,815 INFO o.s.o.j.AbstractEntityManagerFactoryBean [main] Initialized JPA EntityManagerFactory for persistence unit 'default'
2024-06-16 07:02:35,426 INFO o.s.d.j.r.q.QueryEnhancerFactory [main] Hibernate is in classpath; If applicable, HQL parser will be used.
2024-06-16 07:02:35,719 WARN o.s.b.a.o.j.JpaBaseConfiguration$JpaWebConfiguration [main] spring.jpa.open-in-view is enabled by default. Therefore, database queries may be performed during view rendering. Explicitly configure spring.jpa.open-in-view to disable this warning
2024-06-16 07:02:36,133 WARN o.s.c.s.AbstractApplicationContext [main] Exception encountered during context initialization - cancelling refresh attempt: org.springframework.beans.factory.BeanCreationException: Error creating bean with name 'filterChain' defined in class path resource [com/example/FBJV24001115synergy7firbinfudch6/security/WebSecurityConfig.class]: Failed to instantiate [org.springframework.security.web.SecurityFilterChain]: Factory method 'filterChain' threw exception with message: No qualifying bean of type 'org.springframework.security.oauth2.client.registration.ClientRegistrationRepository' available
2024-06-16 07:02:36,135 INFO o.s.o.j.AbstractEntityManagerFactoryBean [main] Closing JPA EntityManagerFactory for persistence unit 'default'
2024-06-16 07:02:36,137 INFO c.z.h.HikariDataSource [main] HikariPool-1 - Shutdown initiated...
2024-06-16 07:02:36,360 INFO c.z.h.HikariDataSource [main] HikariPool-1 - Shutdown completed.
2024-06-16 07:02:36,362 INFO o.a.j.l.DirectJDKLog [main] Stopping service [Tomcat]
2024-06-16 07:02:36,374 INFO o.s.b.a.l.ConditionEvaluationReportLogger [main] 

Error starting ApplicationContext. To display the condition evaluation report re-run your application with 'debug' enabled.
2024-06-16 07:02:36,397 ERROR o.s.b.d.LoggingFailureAnalysisReporter [main] 

***************************
APPLICATION FAILED TO START
***************************

Description:

Method filterChain in security.com.binarfud.FBJV24001115synergy7firbinfudch7.WebSecurityConfig required a bean of type 'org.springframework.security.oauth2.client.registration.ClientRegistrationRepository' that could not be found.


Action:

Consider defining a bean of type 'org.springframework.security.oauth2.client.registration.ClientRegistrationRepository' in your configuration.

2024-06-16 07:03:05,239 INFO o.s.b.StartupInfoLogger [main] Starting FBjv24001115Synergy7FirBinfudCh6Application using Java 17.0.9 with PID 27992 (C:\Users\Panji\Documents\Backend Java SYNRGY Academy\SYNRGY7_BEJ_FirmanPanjiUtama\F-BJV24001115-synergy7-fir-binfud-ch6\target\classes started by Panji in C:\Users\Panji\Documents\Backend Java SYNRGY Academy\SYNRGY7_BEJ_FirmanPanjiUtama\F-BJV24001115-synergy7-fir-binfud-ch6)
2024-06-16 07:03:05,241 INFO o.s.b.SpringApplication [main] No active profile set, falling back to 1 default profile: "default"
2024-06-16 07:03:06,227 INFO o.s.d.r.c.RepositoryConfigurationDelegate [main] Bootstrapping Spring Data JPA repositories in DEFAULT mode.
2024-06-16 07:03:06,322 INFO o.s.d.r.c.RepositoryConfigurationDelegate [main] Finished Spring Data repository scanning in 87 ms. Found 7 JPA repository interfaces.
2024-06-16 07:03:07,265 INFO o.s.b.w.e.t.TomcatWebServer [main] Tomcat initialized with port 6060 (http)
2024-06-16 07:03:07,278 INFO o.a.j.l.DirectJDKLog [main] Initializing ProtocolHandler ["http-nio-6060"]
2024-06-16 07:03:07,282 INFO o.a.j.l.DirectJDKLog [main] Starting service [Tomcat]
2024-06-16 07:03:07,282 INFO o.a.j.l.DirectJDKLog [main] Starting Servlet engine: [Apache Tomcat/10.1.20]
2024-06-16 07:03:07,404 INFO o.a.j.l.DirectJDKLog [main] Initializing Spring embedded WebApplicationContext
2024-06-16 07:03:07,406 INFO o.s.b.w.s.c.ServletWebServerApplicationContext [main] Root WebApplicationContext: initialization completed in 2119 ms
2024-06-16 07:03:07,580 INFO c.z.h.HikariDataSource [main] HikariPool-1 - Starting...
2024-06-16 07:03:08,149 INFO c.z.h.p.HikariPool [main] HikariPool-1 - Added connection org.postgresql.jdbc.PgConnection@49e479da
2024-06-16 07:03:08,151 INFO c.z.h.HikariDataSource [main] HikariPool-1 - Start completed.
2024-06-16 07:03:08,198 INFO o.h.j.i.u.LogHelper [main] HHH000204: Processing PersistenceUnitInfo [name: default]
2024-06-16 07:03:08,257 INFO o.h.Version [main] HHH000412: Hibernate ORM core version 6.4.4.Final
2024-06-16 07:03:08,295 INFO o.h.c.i.RegionFactoryInitiator [main] HHH000026: Second-level cache disabled
2024-06-16 07:03:08,536 INFO o.s.o.j.p.SpringPersistenceUnitInfo [main] No LoadTimeWeaver setup: ignoring JPA class transformer
2024-06-16 07:03:08,642 WARN o.h.e.j.d.i.DialectFactoryImpl [main] HHH90000025: PostgreSQLDialect does not need to be specified explicitly using 'hibernate.dialect' (remove the property setting and it will be selected by default)
2024-06-16 07:03:09,911 INFO o.h.e.t.j.p.i.JtaPlatformInitiator [main] HHH000489: No JTA platform available (set 'hibernate.transaction.jta.platform' to enable JTA platform integration)
2024-06-16 07:03:10,620 INFO o.s.o.j.AbstractEntityManagerFactoryBean [main] Initialized JPA EntityManagerFactory for persistence unit 'default'
2024-06-16 07:03:11,159 INFO o.s.d.j.r.q.QueryEnhancerFactory [main] Hibernate is in classpath; If applicable, HQL parser will be used.
2024-06-16 07:03:11,372 WARN o.s.b.a.o.j.JpaBaseConfiguration$JpaWebConfiguration [main] spring.jpa.open-in-view is enabled by default. Therefore, database queries may be performed during view rendering. Explicitly configure spring.jpa.open-in-view to disable this warning
2024-06-16 07:03:11,879 INFO o.s.s.w.DefaultSecurityFilterChain [main] Will secure any request with [org.springframework.security.web.session.DisableEncodeUrlFilter@311819e8, org.springframework.security.web.context.request.async.WebAsyncManagerIntegrationFilter@1639ec7a, org.springframework.security.web.context.SecurityContextHolderFilter@640a80aa, org.springframework.security.web.header.HeaderWriterFilter@18b8518b, org.springframework.web.filter.CorsFilter@1928208d, org.springframework.security.web.authentication.logout.LogoutFilter@38293d23, org.springframework.security.oauth2.client.web.OAuth2AuthorizationRequestRedirectFilter@23b4f0a9, org.springframework.security.oauth2.client.web.OAuth2LoginAuthenticationFilter@652855c4, jwt.security.com.binarfud.FBJV24001115synergy7firbinfudch7.AuthTokenFilter@179f30b7, org.springframework.security.web.authentication.UsernamePasswordAuthenticationFilter@7f746160, org.springframework.security.web.authentication.ui.DefaultLoginPageGeneratingFilter@5037f491, org.springframework.security.web.authentication.ui.DefaultLogoutPageGeneratingFilter@62099f75, org.springframework.security.web.savedrequest.RequestCacheAwareFilter@7410c197, org.springframework.security.web.servletapi.SecurityContextHolderAwareRequestFilter@363751f2, org.springframework.security.web.authentication.AnonymousAuthenticationFilter@132f1d85, org.springframework.security.web.session.SessionManagementFilter@63fe055, org.springframework.security.web.access.ExceptionTranslationFilter@532782f5, org.springframework.security.web.access.intercept.AuthorizationFilter@348d1a5e]
2024-06-16 07:03:12,085 WARN o.s.b.a.t.ThymeleafAutoConfiguration$DefaultTemplateResolverConfiguration [main] Cannot find template location: classpath:/templates/ (please add some templates, check your Thymeleaf configuration, or set spring.thymeleaf.check-template-location=false)
2024-06-16 07:03:12,282 INFO o.a.j.l.DirectJDKLog [main] Starting ProtocolHandler ["http-nio-6060"]
2024-06-16 07:03:12,311 INFO o.s.b.w.e.t.TomcatWebServer [main] Tomcat started on port 6060 (http) with context path ''
2024-06-16 07:03:12,324 INFO o.s.b.StartupInfoLogger [main] Started FBjv24001115Synergy7FirBinfudCh6Application in 7.625 seconds (process running for 8.28)
2024-06-16 07:03:59,020 INFO o.a.j.l.DirectJDKLog [http-nio-6060-exec-2] Initializing Spring DispatcherServlet 'dispatcherServlet'
2024-06-16 07:03:59,021 INFO o.s.w.s.FrameworkServlet [http-nio-6060-exec-2] Initializing Servlet 'dispatcherServlet'
2024-06-16 07:03:59,023 INFO o.s.w.s.FrameworkServlet [http-nio-6060-exec-2] Completed initialization in 2 ms
2024-06-16 07:04:25,993 WARN c.e.F.s.j.JwtUtils [http-nio-6060-exec-5] JWT token is invalidated: eyJhbGciOiJIUzI1NiJ9.eyJzdWIiOiJzYWdhZm8zNDM1IiwiaWF0IjoxNzE4NDk2MjM5LCJleHAiOjE3MTg1ODI2Mzl9.4kURKpFHgGMF5DjBneIYgVqXvNJBgEKpRDoKIW5TPAE
2024-06-16 07:04:26,003 WARN c.e.F.s.j.JwtUtils [http-nio-6060-exec-6] JWT token is invalidated: eyJhbGciOiJIUzI1NiJ9.eyJzdWIiOiJzYWdhZm8zNDM1IiwiaWF0IjoxNzE4NDk2MjM5LCJleHAiOjE3MTg1ODI2Mzl9.4kURKpFHgGMF5DjBneIYgVqXvNJBgEKpRDoKIW5TPAE
2024-06-16 07:04:32,081 INFO o.s.o.j.AbstractEntityManagerFactoryBean [SpringApplicationShutdownHook] Closing JPA EntityManagerFactory for persistence unit 'default'
2024-06-16 07:04:32,083 INFO c.z.h.HikariDataSource [SpringApplicationShutdownHook] HikariPool-1 - Shutdown initiated...
2024-06-16 07:04:32,335 INFO c.z.h.HikariDataSource [SpringApplicationShutdownHook] HikariPool-1 - Shutdown completed.
2024-06-16 20:28:29,889 INFO o.s.b.StartupInfoLogger [main] Starting FBjv24001115Synergy7FirBinfudCh7Application using Java 21 with PID 5612 (C:\Users\Panji\Documents\NewPull-Binarfud\SYNRGY7_BEJ_FirmanPanjiUtama\F-BJV24001115-synergy7-fir-binfud-ch7\target\classes started by Panji in C:\Users\Panji\Documents\NewPull-Binarfud\SYNRGY7_BEJ_FirmanPanjiUtama\F-BJV24001115-synergy7-fir-binfud-ch7)
2024-06-16 20:28:29,891 INFO o.s.b.SpringApplication [main] No active profile set, falling back to 1 default profile: "default"
2024-06-16 20:28:31,042 INFO o.s.d.r.c.RepositoryConfigurationDelegate [main] Bootstrapping Spring Data JPA repositories in DEFAULT mode.
2024-06-16 20:28:31,124 INFO o.s.d.r.c.RepositoryConfigurationDelegate [main] Finished Spring Data repository scanning in 69 ms. Found 7 JPA repository interfaces.
2024-06-16 20:28:31,939 INFO o.s.b.w.e.t.TomcatWebServer [main] Tomcat initialized with port 6060 (http)
2024-06-16 20:28:31,952 INFO o.a.j.l.DirectJDKLog [main] Initializing ProtocolHandler ["http-nio-6060"]
2024-06-16 20:28:31,956 INFO o.a.j.l.DirectJDKLog [main] Starting service [Tomcat]
2024-06-16 20:28:31,956 INFO o.a.j.l.DirectJDKLog [main] Starting Servlet engine: [Apache Tomcat/10.1.20]
2024-06-16 20:28:32,052 INFO o.a.j.l.DirectJDKLog [main] Initializing Spring embedded WebApplicationContext
2024-06-16 20:28:32,052 INFO o.s.b.w.s.c.ServletWebServerApplicationContext [main] Root WebApplicationContext: initialization completed in 2116 ms
2024-06-16 20:28:32,214 INFO c.z.h.HikariDataSource [main] HikariPool-1 - Starting...
2024-06-16 20:28:34,271 INFO c.z.h.p.HikariPool [main] HikariPool-1 - Added connection org.postgresql.jdbc.PgConnection@597a7afa
2024-06-16 20:28:34,272 INFO c.z.h.HikariDataSource [main] HikariPool-1 - Start completed.
2024-06-16 20:28:34,316 INFO o.h.j.i.u.LogHelper [main] HHH000204: Processing PersistenceUnitInfo [name: default]
2024-06-16 20:28:34,394 INFO o.h.Version [main] HHH000412: Hibernate ORM core version 6.4.4.Final
2024-06-16 20:28:34,449 INFO o.h.c.i.RegionFactoryInitiator [main] HHH000026: Second-level cache disabled
2024-06-16 20:28:34,720 INFO o.s.o.j.p.SpringPersistenceUnitInfo [main] No LoadTimeWeaver setup: ignoring JPA class transformer
2024-06-16 20:28:34,844 WARN o.h.e.j.d.i.DialectFactoryImpl [main] HHH90000025: PostgreSQLDialect does not need to be specified explicitly using 'hibernate.dialect' (remove the property setting and it will be selected by default)
2024-06-16 20:28:35,983 INFO o.h.e.t.j.p.i.JtaPlatformInitiator [main] HHH000489: No JTA platform available (set 'hibernate.transaction.jta.platform' to enable JTA platform integration)
2024-06-16 20:28:36,862 INFO o.s.o.j.AbstractEntityManagerFactoryBean [main] Initialized JPA EntityManagerFactory for persistence unit 'default'
2024-06-16 20:28:37,422 INFO o.s.d.j.r.q.QueryEnhancerFactory [main] Hibernate is in classpath; If applicable, HQL parser will be used.
2024-06-16 20:28:37,635 WARN o.s.b.a.o.j.JpaBaseConfiguration$JpaWebConfiguration [main] spring.jpa.open-in-view is enabled by default. Therefore, database queries may be performed during view rendering. Explicitly configure spring.jpa.open-in-view to disable this warning
2024-06-16 20:28:38,089 INFO o.s.s.w.DefaultSecurityFilterChain [main] Will secure any request with [org.springframework.security.web.session.DisableEncodeUrlFilter@352288bc, org.springframework.security.web.context.request.async.WebAsyncManagerIntegrationFilter@33acec5e, org.springframework.security.web.context.SecurityContextHolderFilter@4548bfc7, org.springframework.security.web.header.HeaderWriterFilter@57e9cd2, org.springframework.web.filter.CorsFilter@6edd8d56, org.springframework.security.web.authentication.logout.LogoutFilter@2f349170, org.springframework.security.oauth2.client.web.OAuth2AuthorizationRequestRedirectFilter@3d94b49d, org.springframework.security.oauth2.client.web.OAuth2LoginAuthenticationFilter@6add8aac, com.binarfud.FBJV24001115synergy7firbinfudch7.security.jwt.AuthTokenFilter@3338d706, org.springframework.security.web.authentication.UsernamePasswordAuthenticationFilter@13a8cb4e, org.springframework.security.web.authentication.ui.DefaultLoginPageGeneratingFilter@564e0a6c, org.springframework.security.web.authentication.ui.DefaultLogoutPageGeneratingFilter@226f472, org.springframework.security.web.savedrequest.RequestCacheAwareFilter@3b303b78, org.springframework.security.web.servletapi.SecurityContextHolderAwareRequestFilter@685e97e0, org.springframework.security.web.authentication.AnonymousAuthenticationFilter@2360ebe2, org.springframework.security.web.session.SessionManagementFilter@34a48013, org.springframework.security.web.access.ExceptionTranslationFilter@1f612968, org.springframework.security.web.access.intercept.AuthorizationFilter@571360b2]
2024-06-16 20:28:38,281 WARN o.s.b.a.t.ThymeleafAutoConfiguration$DefaultTemplateResolverConfiguration [main] Cannot find template location: classpath:/templates/ (please add some templates, check your Thymeleaf configuration, or set spring.thymeleaf.check-template-location=false)
2024-06-16 20:28:38,501 INFO o.a.j.l.DirectJDKLog [main] Starting ProtocolHandler ["http-nio-6060"]
2024-06-16 20:28:38,522 INFO o.s.b.w.e.t.TomcatWebServer [main] Tomcat started on port 6060 (http) with context path ''
2024-06-16 20:28:38,532 INFO o.s.b.StartupInfoLogger [main] Started FBjv24001115Synergy7FirBinfudCh7Application in 9.276 seconds (process running for 9.983)
2024-06-16 20:31:11,808 INFO o.s.o.j.AbstractEntityManagerFactoryBean [SpringApplicationShutdownHook] Closing JPA EntityManagerFactory for persistence unit 'default'
2024-06-16 20:31:11,810 INFO c.z.h.HikariDataSource [SpringApplicationShutdownHook] HikariPool-1 - Shutdown initiated...
2024-06-16 20:31:12,044 INFO c.z.h.HikariDataSource [SpringApplicationShutdownHook] HikariPool-1 - Shutdown completed.
2024-06-16 20:31:54,770 INFO o.s.b.StartupInfoLogger [main] Starting FBjv24001115Synergy7FirBinfudCh7Application using Java 21 with PID 7768 (C:\Users\Panji\Documents\NewPull-Binarfud\SYNRGY7_BEJ_FirmanPanjiUtama\F-BJV24001115-synergy7-fir-binfud-ch7\target\classes started by Panji in C:\Users\Panji\Documents\NewPull-Binarfud\SYNRGY7_BEJ_FirmanPanjiUtama\F-BJV24001115-synergy7-fir-binfud-ch7)
2024-06-16 20:31:54,773 INFO o.s.b.SpringApplication [main] No active profile set, falling back to 1 default profile: "default"
2024-06-16 20:31:55,782 INFO o.s.d.r.c.RepositoryConfigurationDelegate [main] Bootstrapping Spring Data JPA repositories in DEFAULT mode.
2024-06-16 20:31:55,855 INFO o.s.d.r.c.RepositoryConfigurationDelegate [main] Finished Spring Data repository scanning in 66 ms. Found 7 JPA repository interfaces.
2024-06-16 20:31:56,544 INFO o.s.b.w.e.t.TomcatWebServer [main] Tomcat initialized with port 6060 (http)
2024-06-16 20:31:56,554 INFO o.a.j.l.DirectJDKLog [main] Initializing ProtocolHandler ["http-nio-6060"]
2024-06-16 20:31:56,558 INFO o.a.j.l.DirectJDKLog [main] Starting service [Tomcat]
2024-06-16 20:31:56,558 INFO o.a.j.l.DirectJDKLog [main] Starting Servlet engine: [Apache Tomcat/10.1.20]
2024-06-16 20:31:56,677 INFO o.a.j.l.DirectJDKLog [main] Initializing Spring embedded WebApplicationContext
2024-06-16 20:31:56,679 INFO o.s.b.w.s.c.ServletWebServerApplicationContext [main] Root WebApplicationContext: initialization completed in 1858 ms
2024-06-16 20:31:56,874 INFO c.z.h.HikariDataSource [main] HikariPool-1 - Starting...
2024-06-16 20:31:57,661 INFO c.z.h.p.HikariPool [main] HikariPool-1 - Added connection org.postgresql.jdbc.PgConnection@51ed2f68
2024-06-16 20:31:57,663 INFO c.z.h.HikariDataSource [main] HikariPool-1 - Start completed.
2024-06-16 20:31:57,709 INFO o.h.j.i.u.LogHelper [main] HHH000204: Processing PersistenceUnitInfo [name: default]
2024-06-16 20:31:57,767 INFO o.h.Version [main] HHH000412: Hibernate ORM core version 6.4.4.Final
2024-06-16 20:31:57,806 INFO o.h.c.i.RegionFactoryInitiator [main] HHH000026: Second-level cache disabled
2024-06-16 20:31:58,121 INFO o.s.o.j.p.SpringPersistenceUnitInfo [main] No LoadTimeWeaver setup: ignoring JPA class transformer
2024-06-16 20:31:58,216 WARN o.h.e.j.d.i.DialectFactoryImpl [main] HHH90000025: PostgreSQLDialect does not need to be specified explicitly using 'hibernate.dialect' (remove the property setting and it will be selected by default)
2024-06-16 20:31:59,245 INFO o.h.e.t.j.p.i.JtaPlatformInitiator [main] HHH000489: No JTA platform available (set 'hibernate.transaction.jta.platform' to enable JTA platform integration)
2024-06-16 20:32:00,037 INFO o.s.o.j.AbstractEntityManagerFactoryBean [main] Initialized JPA EntityManagerFactory for persistence unit 'default'
2024-06-16 20:32:00,515 INFO o.s.d.j.r.q.QueryEnhancerFactory [main] Hibernate is in classpath; If applicable, HQL parser will be used.
2024-06-16 20:32:00,681 WARN o.s.b.a.o.j.JpaBaseConfiguration$JpaWebConfiguration [main] spring.jpa.open-in-view is enabled by default. Therefore, database queries may be performed during view rendering. Explicitly configure spring.jpa.open-in-view to disable this warning
2024-06-16 20:32:01,061 INFO o.s.s.w.DefaultSecurityFilterChain [main] Will secure any request with [org.springframework.security.web.session.DisableEncodeUrlFilter@3ce60feb, org.springframework.security.web.context.request.async.WebAsyncManagerIntegrationFilter@61f2bf3a, org.springframework.security.web.context.SecurityContextHolderFilter@4dfe5727, org.springframework.security.web.header.HeaderWriterFilter@67857a20, org.springframework.web.filter.CorsFilter@4a0dd851, org.springframework.security.web.authentication.logout.LogoutFilter@5eabcf77, org.springframework.security.oauth2.client.web.OAuth2AuthorizationRequestRedirectFilter@4a648b35, org.springframework.security.oauth2.client.web.OAuth2LoginAuthenticationFilter@3e7c66b3, com.binarfud.FBJV24001115synergy7firbinfudch7.security.jwt.AuthTokenFilter@15c8b75c, org.springframework.security.web.authentication.UsernamePasswordAuthenticationFilter@1cb4cad0, org.springframework.security.web.authentication.ui.DefaultLoginPageGeneratingFilter@1f612968, org.springframework.security.web.authentication.ui.DefaultLogoutPageGeneratingFilter@293dd4b3, org.springframework.security.web.savedrequest.RequestCacheAwareFilter@13617139, org.springframework.security.web.servletapi.SecurityContextHolderAwareRequestFilter@3c0becae, org.springframework.security.web.authentication.AnonymousAuthenticationFilter@25a81f28, org.springframework.security.web.session.SessionManagementFilter@2bcaec2e, org.springframework.security.web.access.ExceptionTranslationFilter@2b57dc2, org.springframework.security.web.access.intercept.AuthorizationFilter@557abb68]
2024-06-16 20:32:01,216 WARN o.s.b.a.t.ThymeleafAutoConfiguration$DefaultTemplateResolverConfiguration [main] Cannot find template location: classpath:/templates/ (please add some templates, check your Thymeleaf configuration, or set spring.thymeleaf.check-template-location=false)
2024-06-16 20:32:01,396 INFO o.a.j.l.DirectJDKLog [main] Starting ProtocolHandler ["http-nio-6060"]
2024-06-16 20:32:01,414 INFO o.s.b.w.e.t.TomcatWebServer [main] Tomcat started on port 6060 (http) with context path ''
2024-06-16 20:32:01,422 INFO o.s.b.StartupInfoLogger [main] Started FBjv24001115Synergy7FirBinfudCh7Application in 7.256 seconds (process running for 7.862)
2024-06-16 21:34:10,598 INFO o.s.o.j.AbstractEntityManagerFactoryBean [SpringApplicationShutdownHook] Closing JPA EntityManagerFactory for persistence unit 'default'
2024-06-16 21:34:10,600 INFO c.z.h.HikariDataSource [SpringApplicationShutdownHook] HikariPool-1 - Shutdown initiated...
2024-06-16 21:34:10,834 INFO c.z.h.HikariDataSource [SpringApplicationShutdownHook] HikariPool-1 - Shutdown completed.
